# JRE version: 7.0_21-b11
# Java VM: Java HotSpot(TM) Client VM (23.21-b01 mixed mode, sharing windows-x86 )
Heap
 def new generation   total 4992K, used 1601K [0x247f0000, 0x24d50000, 0x29d40000)
  eden space 4480K,  33% used [0x247f0000, 0x24963188, 0x24c50000)
  from space 512K,  22% used [0x24cd0000, 0x24ced498, 0x24d50000)
  to   space 512K,   0% used [0x24c50000, 0x24c50000, 0x24cd0000)
 tenured generation   total 10944K, used 7301K [0x29d40000, 0x2a7f0000, 0x347f0000)
   the space 10944K,  66% used [0x29d40000, 0x2a461658, 0x2a461800, 0x2a7f0000)
 compacting perm gen  total 12288K, used 4316K [0x347f0000, 0x353f0000, 0x387f0000)
   the space 12288K,  35% used [0x347f0000, 0x34c27008, 0x34c27200, 0x353f0000)
    ro space 10240K,  42% used [0x387f0000, 0x38c322a0, 0x38c32400, 0x391f0000)
    rw space 12288K,  54% used [0x391f0000, 0x39873250, 0x39873400, 0x39df0000)
GC Heap History (10 events):
Event: 46.262 GC heap before
{Heap before GC invocations=19 (full 1):
 def new generation   total 4992K, used 4765K [0x247f0000, 0x24d50000, 0x29d40000)
  eden space 4480K, 100% used [0x247f0000, 0x24c50000, 0x24c50000)
  from space 512K,  55% used [0x24c50000, 0x24c976f0, 0x24cd0000)
  to   space 512K,   0% used [0x24cd0000, 0x24cd0000, 0x24d50000)
 tenured generation   total 10944K, used 7172K [0x29d40000, 0x2a7f0000, 0x347f0000)
   the space 10944K,  65% used [0x29d40000, 0x2a4412a8, 0x2a441400, 0x2a7f0000)
 compacting perm gen  total 12288K, used 4310K [0x347f0000, 0x353f0000, 0x387f0000)
   the space 12288K,  35% used [0x347f0000, 0x34c25a20, 0x34c25c00, 0x353f0000)
    ro space 10240K,  42% used [0x387f0000, 0x38c322a0, 0x38c32400, 0x391f0000)
    rw space 12288K,  54% used [0x391f0000, 0x39873250, 0x39873400, 0x39df0000)
Event: 46.265 GC heap after
Heap after GC invocations=20 (full 1):
 def new generation   total 4992K, used 211K [0x247f0000, 0x24d50000, 0x29d40000)
  eden space 4480K,   0% used [0x247f0000, 0x247f0000, 0x24c50000)
  from space 512K,  41% used [0x24cd0000, 0x24d04e68, 0x24d50000)
  to   space 512K,   0% used [0x24c50000, 0x24c50000, 0x24cd0000)
 tenured generation   total 10944K, used 7255K [0x29d40000, 0x2a7f0000, 0x347f0000)
   the space 10944K,  66% used [0x29d40000, 0x2a455d48, 0x2a455e00, 0x2a7f0000)
 compacting perm gen  total 12288K, used 4310K [0x347f0000, 0x353f0000, 0x387f0000)
   the space 12288K,  35% used [0x347f0000, 0x34c25a20, 0x34c25c00, 0x353f0000)
    ro space 10240K,  42% used [0x387f0000, 0x38c322a0, 0x38c32400, 0x391f0000)
    rw space 12288K,  54% used [0x391f0000, 0x39873250, 0x39873400, 0x39df0000)
}
Event: 51.311 GC heap before
{Heap before GC invocations=20 (full 1):
 def new generation   total 4992K, used 4691K [0x247f0000, 0x24d50000, 0x29d40000)
  eden space 4480K, 100% used [0x247f0000, 0x24c50000, 0x24c50000)
  from space 512K,  41% used [0x24cd0000, 0x24d04e68, 0x24d50000)
  to   space 512K,   0% used [0x24c50000, 0x24c50000, 0x24cd0000)
 tenured generation   total 10944K, used 7255K [0x29d40000, 0x2a7f0000, 0x347f0000)
   the space 10944K,  66% used [0x29d40000, 0x2a455d48, 0x2a455e00, 0x2a7f0000)
 compacting perm gen  total 12288K, used 4315K [0x347f0000, 0x353f0000, 0x387f0000)
   the space 12288K,  35% used [0x347f0000, 0x34c26ee8, 0x34c27000, 0x353f0000)
    ro space 10240K,  42% used [0x387f0000, 0x38c322a0, 0x38c32400, 0x391f0000)
    rw space 12288K,  54% used [0x391f0000, 0x39873250, 0x39873400, 0x39df0000)
Event: 51.315 GC heap after
Heap after GC invocations=21 (full 1):
 def new generation   total 4992K, used 310K [0x247f0000, 0x24d50000, 0x29d40000)
  eden space 4480K,   0% used [0x247f0000, 0x247f0000, 0x24c50000)
  from space 512K,  60% used [0x24c50000, 0x24c9d998, 0x24cd0000)
  to   space 512K,   0% used [0x24cd0000, 0x24cd0000, 0x24d50000)
 tenured generation   total 10944K, used 7255K [0x29d40000, 0x2a7f0000, 0x347f0000)
   the space 10944K,  66% used [0x29d40000, 0x2a455d48, 0x2a455e00, 0x2a7f0000)
 compacting perm gen  total 12288K, used 4315K [0x347f0000, 0x353f0000, 0x387f0000)
   the space 12288K,  35% used [0x347f0000, 0x34c26ee8, 0x34c27000, 0x353f0000)
    ro space 10240K,  42% used [0x387f0000, 0x38c322a0, 0x38c32400, 0x391f0000)
    rw space 12288K,  54% used [0x391f0000, 0x39873250, 0x39873400, 0x39df0000)
}
Event: 56.351 GC heap before
{Heap before GC invocations=21 (full 1):
 def new generation   total 4992K, used 4790K [0x247f0000, 0x24d50000, 0x29d40000)
  eden space 4480K, 100% used [0x247f0000, 0x24c50000, 0x24c50000)
  from space 512K,  60% used [0x24c50000, 0x24c9d998, 0x24cd0000)
  to   space 512K,   0% used [0x24cd0000, 0x24cd0000, 0x24d50000)
 tenured generation   total 10944K, used 7255K [0x29d40000, 0x2a7f0000, 0x347f0000)
   the space 10944K,  66% used [0x29d40000, 0x2a455d48, 0x2a455e00, 0x2a7f0000)
 compacting perm gen  total 12288K, used 4315K [0x347f0000, 0x353f0000, 0x387f0000)
   the space 12288K,  35% used [0x347f0000, 0x34c26ee8, 0x34c27000, 0x353f0000)
    ro space 10240K,  42% used [0x387f0000, 0x38c322a0, 0x38c32400, 0x391f0000)
    rw space 12288K,  54% used [0x391f0000, 0x39873250, 0x39873400, 0x39df0000)
Event: 56.354 GC heap after
Heap after GC invocations=22 (full 1):
 def new generation   total 4992K, used 200K [0x247f0000, 0x24d50000, 0x29d40000)
  eden space 4480K,   0% used [0x247f0000, 0x247f0000, 0x24c50000)
  from space 512K,  39% used [0x24cd0000, 0x24d020e0, 0x24d50000)
  to   space 512K,   0% used [0x24c50000, 0x24c50000, 0x24cd0000)
 tenured generation   total 10944K, used 7301K [0x29d40000, 0x2a7f0000, 0x347f0000)
   the space 10944K,  66% used [0x29d40000, 0x2a461658, 0x2a461800, 0x2a7f0000)
 compacting perm gen  total 12288K, used 4315K [0x347f0000, 0x353f0000, 0x387f0000)
   the space 12288K,  35% used [0x347f0000, 0x34c26ee8, 0x34c27000, 0x353f0000)
    ro space 10240K,  42% used [0x387f0000, 0x38c322a0, 0x38c32400, 0x391f0000)
    rw space 12288K,  54% used [0x391f0000, 0x39873250, 0x39873400, 0x39df0000)
}
Event: 78.144 GC heap before
{Heap before GC invocations=22 (full 1):
 def new generation   total 4992K, used 4680K [0x247f0000, 0x24d50000, 0x29d40000)
  eden space 4480K, 100% used [0x247f0000, 0x24c50000, 0x24c50000)
  from space 512K,  39% used [0x24cd0000, 0x24d020e0, 0x24d50000)
  to   space 512K,   0% used [0x24c50000, 0x24c50000, 0x24cd0000)
 tenured generation   total 10944K, used 7301K [0x29d40000, 0x2a7f0000, 0x347f0000)
   the space 10944K,  66% used [0x29d40000, 0x2a461658, 0x2a461800, 0x2a7f0000)
 compacting perm gen  total 12288K, used 4315K [0x347f0000, 0x353f0000, 0x387f0000)
   the space 12288K,  35% used [0x347f0000, 0x34c26fe8, 0x34c27000, 0x353f0000)
    ro space 10240K,  42% used [0x387f0000, 0x38c322a0, 0x38c32400, 0x391f0000)
    rw space 12288K,  54% used [0x391f0000, 0x39873250, 0x39873400, 0x39df0000)
Event: 78.147 GC heap after
Heap after GC invocations=23 (full 1):
 def new generation   total 4992K, used 73K [0x247f0000, 0x24d50000, 0x29d40000)
  eden space 4480K,   0% used [0x247f0000, 0x247f0000, 0x24c50000)
  from space 512K,  14% used [0x24c50000, 0x24c62638, 0x24cd0000)
  to   space 512K,   0% used [0x24cd0000, 0x24cd0000, 0x24d50000)
 tenured generation   total 10944K, used 7301K [0x29d40000, 0x2a7f0000, 0x347f0000)
   the space 10944K,  66% used [0x29d40000, 0x2a461658, 0x2a461800, 0x2a7f0000)
 compacting perm gen  total 12288K, used 4315K [0x347f0000, 0x353f0000, 0x387f0000)
   the space 12288K,  35% used [0x347f0000, 0x34c26fe8, 0x34c27000, 0x353f0000)
    ro space 10240K,  42% used [0x387f0000, 0x38c322a0, 0x38c32400, 0x391f0000)
    rw space 12288K,  54% used [0x391f0000, 0x39873250, 0x39873400, 0x39df0000)
}
Event: 98.396 GC heap before
{Heap before GC invocations=23 (full 1):
 def new generation   total 4992K, used 4553K [0x247f0000, 0x24d50000, 0x29d40000)
  eden space 4480K, 100% used [0x247f0000, 0x24c50000, 0x24c50000)
  from space 512K,  14% used [0x24c50000, 0x24c62638, 0x24cd0000)
  to   space 512K,   0% used [0x24cd0000, 0x24cd0000, 0x24d50000)
 tenured generation   total 10944K, used 7301K [0x29d40000, 0x2a7f0000, 0x347f0000)
   the space 10944K,  66% used [0x29d40000, 0x2a461658, 0x2a461800, 0x2a7f0000)
 compacting perm gen  total 12288K, used 4316K [0x347f0000, 0x353f0000, 0x387f0000)
   the space 12288K,  35% used [0x347f0000, 0x34c27008, 0x34c27200, 0x353f0000)
    ro space 10240K,  42% used [0x387f0000, 0x38c322a0, 0x38c32400, 0x391f0000)
    rw space 12288K,  54% used [0x391f0000, 0x39873250, 0x39873400, 0x39df0000)
Event: 98.399 GC heap after
Heap after GC invocations=24 (full 1):
 def new generation   total 4992K, used 117K [0x247f0000, 0x24d50000, 0x29d40000)
  eden space 4480K,   0% used [0x247f0000, 0x247f0000, 0x24c50000)
  from space 512K,  22% used [0x24cd0000, 0x24ced498, 0x24d50000)
  to   space 512K,   0% used [0x24c50000, 0x24c50000, 0x24cd0000)
 tenured generation   total 10944K, used 7301K [0x29d40000, 0x2a7f0000, 0x347f0000)
   the space 10944K,  66% used [0x29d40000, 0x2a461658, 0x2a461800, 0x2a7f0000)
 compacting perm gen  total 12288K, used 4316K [0x347f0000, 0x353f0000, 0x387f0000)
   the space 12288K,  35% used [0x347f0000, 0x34c27008, 0x34c27200, 0x353f0000)
    ro space 10240K,  42% used [0x387f0000, 0x38c322a0, 0x38c32400, 0x391f0000)
    rw space 12288K,  54% used [0x391f0000, 0x39873250, 0x39873400, 0x39df0000)
}

