# JRE version: 7.0_21-b11
# Java VM: Java HotSpot(TM) Client VM (23.21-b01 mixed mode, sharing windows-x86 )
Heap
 def new generation   total 4992K, used 3255K [0x247f0000, 0x24d50000, 0x29d40000)
  eden space 4480K,  66% used [0x247f0000, 0x24ad8208, 0x24c50000)
  from space 512K,  54% used [0x24c50000, 0x24c95bc0, 0x24cd0000)
  to   space 512K,   0% used [0x24cd0000, 0x24cd0000, 0x24d50000)
 tenured generation   total 10944K, used 7285K [0x29d40000, 0x2a7f0000, 0x347f0000)
   the space 10944K,  66% used [0x29d40000, 0x2a45d5d8, 0x2a45d600, 0x2a7f0000)
 compacting perm gen  total 12288K, used 4315K [0x347f0000, 0x353f0000, 0x387f0000)
   the space 12288K,  35% used [0x347f0000, 0x34c26ec0, 0x34c27000, 0x353f0000)
    ro space 10240K,  42% used [0x387f0000, 0x38c322a0, 0x38c32400, 0x391f0000)
    rw space 12288K,  54% used [0x391f0000, 0x39873250, 0x39873400, 0x39df0000)
GC Heap History (10 events):
Event: 16.541 GC heap before
{Heap before GC invocations=16 (full 1):
 def new generation   total 4992K, used 4968K [0x247f0000, 0x24d50000, 0x29d40000)
  eden space 4480K,  99% used [0x247f0000, 0x24c4a0c0, 0x24c50000)
  from space 512K, 100% used [0x24cd0000, 0x24d50000, 0x24d50000)
  to   space 512K,   0% used [0x24c50000, 0x24c50000, 0x24cd0000)
 tenured generation   total 10944K, used 5980K [0x29d40000, 0x2a7f0000, 0x347f0000)
   the space 10944K,  54% used [0x29d40000, 0x2a317110, 0x2a317200, 0x2a7f0000)
 compacting perm gen  total 12288K, used 4293K [0x347f0000, 0x353f0000, 0x387f0000)
   the space 12288K,  34% used [0x347f0000, 0x34c217c0, 0x34c21800, 0x353f0000)
    ro space 10240K,  42% used [0x387f0000, 0x38c322a0, 0x38c32400, 0x391f0000)
    rw space 12288K,  54% used [0x391f0000, 0x39873250, 0x39873400, 0x39df0000)
Event: 16.548 GC heap after
Heap after GC invocations=17 (full 1):
 def new generation   total 4992K, used 512K [0x247f0000, 0x24d50000, 0x29d40000)
  eden space 4480K,   0% used [0x247f0000, 0x247f0000, 0x24c50000)
  from space 512K, 100% used [0x24c50000, 0x24cd0000, 0x24cd0000)
  to   space 512K,   0% used [0x24cd0000, 0x24cd0000, 0x24d50000)
 tenured generation   total 10944K, used 6694K [0x29d40000, 0x2a7f0000, 0x347f0000)
   the space 10944K,  61% used [0x29d40000, 0x2a3c99a0, 0x2a3c9a00, 0x2a7f0000)
 compacting perm gen  total 12288K, used 4293K [0x347f0000, 0x353f0000, 0x387f0000)
   the space 12288K,  34% used [0x347f0000, 0x34c217c0, 0x34c21800, 0x353f0000)
    ro space 10240K,  42% used [0x387f0000, 0x38c322a0, 0x38c32400, 0x391f0000)
    rw space 12288K,  54% used [0x391f0000, 0x39873250, 0x39873400, 0x39df0000)
}
Event: 21.646 GC heap before
{Heap before GC invocations=17 (full 1):
 def new generation   total 4992K, used 4992K [0x247f0000, 0x24d50000, 0x29d40000)
  eden space 4480K, 100% used [0x247f0000, 0x24c50000, 0x24c50000)
  from space 512K, 100% used [0x24c50000, 0x24cd0000, 0x24cd0000)
  to   space 512K,   0% used [0x24cd0000, 0x24cd0000, 0x24d50000)
 tenured generation   total 10944K, used 6694K [0x29d40000, 0x2a7f0000, 0x347f0000)
   the space 10944K,  61% used [0x29d40000, 0x2a3c99a0, 0x2a3c9a00, 0x2a7f0000)
 compacting perm gen  total 12288K, used 4300K [0x347f0000, 0x353f0000, 0x387f0000)
   the space 12288K,  34% used [0x347f0000, 0x34c232c0, 0x34c23400, 0x353f0000)
    ro space 10240K,  42% used [0x387f0000, 0x38c322a0, 0x38c32400, 0x391f0000)
    rw space 12288K,  54% used [0x391f0000, 0x39873250, 0x39873400, 0x39df0000)
Event: 21.652 GC heap after
Heap after GC invocations=18 (full 1):
 def new generation   total 4992K, used 247K [0x247f0000, 0x24d50000, 0x29d40000)
  eden space 4480K,   0% used [0x247f0000, 0x247f0000, 0x24c50000)
  from space 512K,  48% used [0x24cd0000, 0x24d0de90, 0x24d50000)
  to   space 512K,   0% used [0x24c50000, 0x24c50000, 0x24cd0000)
 tenured generation   total 10944K, used 7203K [0x29d40000, 0x2a7f0000, 0x347f0000)
   the space 10944K,  65% used [0x29d40000, 0x2a448d60, 0x2a448e00, 0x2a7f0000)
 compacting perm gen  total 12288K, used 4300K [0x347f0000, 0x353f0000, 0x387f0000)
   the space 12288K,  34% used [0x347f0000, 0x34c232c0, 0x34c23400, 0x353f0000)
    ro space 10240K,  42% used [0x387f0000, 0x38c322a0, 0x38c32400, 0x391f0000)
    rw space 12288K,  54% used [0x391f0000, 0x39873250, 0x39873400, 0x39df0000)
}
Event: 40.741 GC heap before
{Heap before GC invocations=18 (full 1):
 def new generation   total 4992K, used 4727K [0x247f0000, 0x24d50000, 0x29d40000)
  eden space 4480K, 100% used [0x247f0000, 0x24c50000, 0x24c50000)
  from space 512K,  48% used [0x24cd0000, 0x24d0de90, 0x24d50000)
  to   space 512K,   0% used [0x24c50000, 0x24c50000, 0x24cd0000)
 tenured generation   total 10944K, used 7203K [0x29d40000, 0x2a7f0000, 0x347f0000)
   the space 10944K,  65% used [0x29d40000, 0x2a448d60, 0x2a448e00, 0x2a7f0000)
 compacting perm gen  total 12288K, used 4309K [0x347f0000, 0x353f0000, 0x387f0000)
   the space 12288K,  35% used [0x347f0000, 0x34c25518, 0x34c25600, 0x353f0000)
    ro space 10240K,  42% used [0x387f0000, 0x38c322a0, 0x38c32400, 0x391f0000)
    rw space 12288K,  54% used [0x391f0000, 0x39873250, 0x39873400, 0x39df0000)
Event: 40.745 GC heap after
Heap after GC invocations=19 (full 1):
 def new generation   total 4992K, used 285K [0x247f0000, 0x24d50000, 0x29d40000)
  eden space 4480K,   0% used [0x247f0000, 0x247f0000, 0x24c50000)
  from space 512K,  55% used [0x24c50000, 0x24c974d0, 0x24cd0000)
  to   space 512K,   0% used [0x24cd0000, 0x24cd0000, 0x24d50000)
 tenured generation   total 10944K, used 7203K [0x29d40000, 0x2a7f0000, 0x347f0000)
   the space 10944K,  65% used [0x29d40000, 0x2a448d60, 0x2a448e00, 0x2a7f0000)
 compacting perm gen  total 12288K, used 4309K [0x347f0000, 0x353f0000, 0x387f0000)
   the space 12288K,  35% used [0x347f0000, 0x34c25518, 0x34c25600, 0x353f0000)
    ro space 10240K,  42% used [0x387f0000, 0x38c322a0, 0x38c32400, 0x391f0000)
    rw space 12288K,  54% used [0x391f0000, 0x39873250, 0x39873400, 0x39df0000)
}
Event: 45.781 GC heap before
{Heap before GC invocations=19 (full 1):
 def new generation   total 4992K, used 4759K [0x247f0000, 0x24d50000, 0x29d40000)
  eden space 4480K,  99% used [0x247f0000, 0x24c4e930, 0x24c50000)
  from space 512K,  55% used [0x24c50000, 0x24c974d0, 0x24cd0000)
  to   space 512K,   0% used [0x24cd0000, 0x24cd0000, 0x24d50000)
 tenured generation   total 10944K, used 7203K [0x29d40000, 0x2a7f0000, 0x347f0000)
   the space 10944K,  65% used [0x29d40000, 0x2a448d60, 0x2a448e00, 0x2a7f0000)
 compacting perm gen  total 12288K, used 4314K [0x347f0000, 0x353f0000, 0x387f0000)
   the space 12288K,  35% used [0x347f0000, 0x34c26a00, 0x34c26a00, 0x353f0000)
    ro space 10240K,  42% used [0x387f0000, 0x38c322a0, 0x38c32400, 0x391f0000)
    rw space 12288K,  54% used [0x391f0000, 0x39873250, 0x39873400, 0x39df0000)
Event: 45.784 GC heap after
Heap after GC invocations=20 (full 1):
 def new generation   total 4992K, used 179K [0x247f0000, 0x24d50000, 0x29d40000)
  eden space 4480K,   0% used [0x247f0000, 0x247f0000, 0x24c50000)
  from space 512K,  35% used [0x24cd0000, 0x24cfcf48, 0x24d50000)
  to   space 512K,   0% used [0x24c50000, 0x24c50000, 0x24cd0000)
 tenured generation   total 10944K, used 7285K [0x29d40000, 0x2a7f0000, 0x347f0000)
   the space 10944K,  66% used [0x29d40000, 0x2a45d5d8, 0x2a45d600, 0x2a7f0000)
 compacting perm gen  total 12288K, used 4314K [0x347f0000, 0x353f0000, 0x387f0000)
   the space 12288K,  35% used [0x347f0000, 0x34c26a00, 0x34c26a00, 0x353f0000)
    ro space 10240K,  42% used [0x387f0000, 0x38c322a0, 0x38c32400, 0x391f0000)
    rw space 12288K,  54% used [0x391f0000, 0x39873250, 0x39873400, 0x39df0000)
}
Event: 61.391 GC heap before
{Heap before GC invocations=20 (full 1):
 def new generation   total 4992K, used 4659K [0x247f0000, 0x24d50000, 0x29d40000)
  eden space 4480K, 100% used [0x247f0000, 0x24c50000, 0x24c50000)
  from space 512K,  35% used [0x24cd0000, 0x24cfcf48, 0x24d50000)
  to   space 512K,   0% used [0x24c50000, 0x24c50000, 0x24cd0000)
 tenured generation   total 10944K, used 7285K [0x29d40000, 0x2a7f0000, 0x347f0000)
   the space 10944K,  66% used [0x29d40000, 0x2a45d5d8, 0x2a45d600, 0x2a7f0000)
 compacting perm gen  total 12288K, used 4315K [0x347f0000, 0x353f0000, 0x387f0000)
   the space 12288K,  35% used [0x347f0000, 0x34c26ec0, 0x34c27000, 0x353f0000)
    ro space 10240K,  42% used [0x387f0000, 0x38c322a0, 0x38c32400, 0x391f0000)
    rw space 12288K,  54% used [0x391f0000, 0x39873250, 0x39873400, 0x39df0000)
Event: 61.394 GC heap after
Heap after GC invocations=21 (full 1):
 def new generation   total 4992K, used 278K [0x247f0000, 0x24d50000, 0x29d40000)
  eden space 4480K,   0% used [0x247f0000, 0x247f0000, 0x24c50000)
  from space 512K,  54% used [0x24c50000, 0x24c95bc0, 0x24cd0000)
  to   space 512K,   0% used [0x24cd0000, 0x24cd0000, 0x24d50000)
 tenured generation   total 10944K, used 7285K [0x29d40000, 0x2a7f0000, 0x347f0000)
   the space 10944K,  66% used [0x29d40000, 0x2a45d5d8, 0x2a45d600, 0x2a7f0000)
 compacting perm gen  total 12288K, used 4315K [0x347f0000, 0x353f0000, 0x387f0000)
   the space 12288K,  35% used [0x347f0000, 0x34c26ec0, 0x34c27000, 0x353f0000)
    ro space 10240K,  42% used [0x387f0000, 0x38c322a0, 0x38c32400, 0x391f0000)
    rw space 12288K,  54% used [0x391f0000, 0x39873250, 0x39873400, 0x39df0000)
}

