# JRE version: 7.0_21-b11
# Java VM: Java HotSpot(TM) Client VM (23.21-b01 mixed mode, sharing windows-x86 )
Heap
 def new generation   total 4928K, used 4451K [0x247f0000, 0x24d40000, 0x29d40000)
  eden space 4416K,  90% used [0x247f0000, 0x24bd53e0, 0x24c40000)
  from space 512K,  90% used [0x24cc0000, 0x24d33bd0, 0x24d40000)
  to   space 512K,   0% used [0x24c40000, 0x24c40000, 0x24cc0000)
 tenured generation   total 10944K, used 10770K [0x29d40000, 0x2a7f0000, 0x347f0000)
   the space 10944K,  98% used [0x29d40000, 0x2a7c48d0, 0x2a7c4a00, 0x2a7f0000)
 compacting perm gen  total 12288K, used 4298K [0x347f0000, 0x353f0000, 0x387f0000)
   the space 12288K,  34% used [0x347f0000, 0x34c22838, 0x34c22a00, 0x353f0000)
    ro space 10240K,  42% used [0x387f0000, 0x38c322a0, 0x38c32400, 0x391f0000)
    rw space 12288K,  54% used [0x391f0000, 0x39873250, 0x39873400, 0x39df0000)
GC Heap History (10 events):
Event: 3.832 GC heap before
{Heap before GC invocations=10 (full 0):
 def new generation   total 4928K, used 4501K [0x247f0000, 0x24d40000, 0x29d40000)
  eden space 4416K,  90% used [0x247f0000, 0x24bd5428, 0x24c40000)
  from space 512K, 100% used [0x24c40000, 0x24cc0000, 0x24cc0000)
  to   space 512K,   0% used [0x24cc0000, 0x24cc0000, 0x24d40000)
 tenured generation   total 10944K, used 7964K [0x29d40000, 0x2a7f0000, 0x347f0000)
   the space 10944K,  72% used [0x29d40000, 0x2a507268, 0x2a507400, 0x2a7f0000)
 compacting perm gen  total 12288K, used 3586K [0x347f0000, 0x353f0000, 0x387f0000)
   the space 12288K,  29% used [0x347f0000, 0x34b70890, 0x34b70a00, 0x353f0000)
    ro space 10240K,  42% used [0x387f0000, 0x38c322a0, 0x38c32400, 0x391f0000)
    rw space 12288K,  54% used [0x391f0000, 0x39873250, 0x39873400, 0x39df0000)
Event: 3.836 GC heap after
Heap after GC invocations=11 (full 0):
 def new generation   total 4928K, used 512K [0x247f0000, 0x24d40000, 0x29d40000)
  eden space 4416K,   0% used [0x247f0000, 0x247f0000, 0x24c40000)
  from space 512K, 100% used [0x24cc0000, 0x24d40000, 0x24d40000)
  to   space 512K,   0% used [0x24c40000, 0x24c40000, 0x24cc0000)
 tenured generation   total 10944K, used 9298K [0x29d40000, 0x2a7f0000, 0x347f0000)
   the space 10944K,  84% used [0x29d40000, 0x2a654990, 0x2a654a00, 0x2a7f0000)
 compacting perm gen  total 12288K, used 3586K [0x347f0000, 0x353f0000, 0x387f0000)
   the space 12288K,  29% used [0x347f0000, 0x34b70890, 0x34b70a00, 0x353f0000)
    ro space 10240K,  42% used [0x387f0000, 0x38c322a0, 0x38c32400, 0x391f0000)
    rw space 12288K,  54% used [0x391f0000, 0x39873250, 0x39873400, 0x39df0000)
}
Event: 4.017 GC heap before
{Heap before GC invocations=11 (full 0):
 def new generation   total 4928K, used 4928K [0x247f0000, 0x24d40000, 0x29d40000)
  eden space 4416K, 100% used [0x247f0000, 0x24c40000, 0x24c40000)
  from space 512K, 100% used [0x24cc0000, 0x24d40000, 0x24d40000)
  to   space 512K,   0% used [0x24c40000, 0x24c40000, 0x24cc0000)
 tenured generation   total 10944K, used 9298K [0x29d40000, 0x2a7f0000, 0x347f0000)
   the space 10944K,  84% used [0x29d40000, 0x2a654990, 0x2a654a00, 0x2a7f0000)
 compacting perm gen  total 12288K, used 3590K [0x347f0000, 0x353f0000, 0x387f0000)
   the space 12288K,  29% used [0x347f0000, 0x34b71878, 0x34b71a00, 0x353f0000)
    ro space 10240K,  42% used [0x387f0000, 0x38c322a0, 0x38c32400, 0x391f0000)
    rw space 12288K,  54% used [0x391f0000, 0x39873250, 0x39873400, 0x39df0000)
Event: 4.019 GC heap after
Heap after GC invocations=12 (full 0):
 def new generation   total 4928K, used 254K [0x247f0000, 0x24d40000, 0x29d40000)
  eden space 4416K,   0% used [0x247f0000, 0x247f0000, 0x24c40000)
  from space 512K,  49% used [0x24c40000, 0x24c7f810, 0x24cc0000)
  to   space 512K,   0% used [0x24cc0000, 0x24cc0000, 0x24d40000)
 tenured generation   total 10944K, used 9587K [0x29d40000, 0x2a7f0000, 0x347f0000)
   the space 10944K,  87% used [0x29d40000, 0x2a69ce40, 0x2a69d000, 0x2a7f0000)
 compacting perm gen  total 12288K, used 3590K [0x347f0000, 0x353f0000, 0x387f0000)
   the space 12288K,  29% used [0x347f0000, 0x34b71878, 0x34b71a00, 0x353f0000)
    ro space 10240K,  42% used [0x387f0000, 0x38c322a0, 0x38c32400, 0x391f0000)
    rw space 12288K,  54% used [0x391f0000, 0x39873250, 0x39873400, 0x39df0000)
}
Event: 4.189 GC heap before
{Heap before GC invocations=12 (full 0):
 def new generation   total 4928K, used 4669K [0x247f0000, 0x24d40000, 0x29d40000)
  eden space 4416K,  99% used [0x247f0000, 0x24c3fcf0, 0x24c40000)
  from space 512K,  49% used [0x24c40000, 0x24c7f810, 0x24cc0000)
  to   space 512K,   0% used [0x24cc0000, 0x24cc0000, 0x24d40000)
 tenured generation   total 10944K, used 9587K [0x29d40000, 0x2a7f0000, 0x347f0000)
   the space 10944K,  87% used [0x29d40000, 0x2a69ce40, 0x2a69d000, 0x2a7f0000)
 compacting perm gen  total 12288K, used 3590K [0x347f0000, 0x353f0000, 0x387f0000)
   the space 12288K,  29% used [0x347f0000, 0x34b71878, 0x34b71a00, 0x353f0000)
    ro space 10240K,  42% used [0x387f0000, 0x38c322a0, 0x38c32400, 0x391f0000)
    rw space 12288K,  54% used [0x391f0000, 0x39873250, 0x39873400, 0x39df0000)
Event: 4.192 GC heap after
Heap after GC invocations=13 (full 0):
 def new generation   total 4928K, used 512K [0x247f0000, 0x24d40000, 0x29d40000)
  eden space 4416K,   0% used [0x247f0000, 0x247f0000, 0x24c40000)
  from space 512K, 100% used [0x24cc0000, 0x24d40000, 0x24d40000)
  to   space 512K,   0% used [0x24c40000, 0x24c40000, 0x24cc0000)
 tenured generation   total 10944K, used 9877K [0x29d40000, 0x2a7f0000, 0x347f0000)
   the space 10944K,  90% used [0x29d40000, 0x2a6e5798, 0x2a6e5800, 0x2a7f0000)
 compacting perm gen  total 12288K, used 3590K [0x347f0000, 0x353f0000, 0x387f0000)
   the space 12288K,  29% used [0x347f0000, 0x34b71878, 0x34b71a00, 0x353f0000)
    ro space 10240K,  42% used [0x387f0000, 0x38c322a0, 0x38c32400, 0x391f0000)
    rw space 12288K,  54% used [0x391f0000, 0x39873250, 0x39873400, 0x39df0000)
}
Event: 4.399 GC heap before
{Heap before GC invocations=13 (full 0):
 def new generation   total 4928K, used 4824K [0x247f0000, 0x24d40000, 0x29d40000)
  eden space 4416K,  97% used [0x247f0000, 0x24c26188, 0x24c40000)
  from space 512K, 100% used [0x24cc0000, 0x24d40000, 0x24d40000)
  to   space 512K,   0% used [0x24c40000, 0x24c40000, 0x24cc0000)
 tenured generation   total 10944K, used 9877K [0x29d40000, 0x2a7f0000, 0x347f0000)
   the space 10944K,  90% used [0x29d40000, 0x2a6e5798, 0x2a6e5800, 0x2a7f0000)
 compacting perm gen  total 12288K, used 3590K [0x347f0000, 0x353f0000, 0x387f0000)
   the space 12288K,  29% used [0x347f0000, 0x34b71878, 0x34b71a00, 0x353f0000)
    ro space 10240K,  42% used [0x387f0000, 0x38c322a0, 0x38c32400, 0x391f0000)
    rw space 12288K,  54% used [0x391f0000, 0x39873250, 0x39873400, 0x39df0000)
Event: 4.402 GC heap after
Heap after GC invocations=14 (full 0):
 def new generation   total 4928K, used 511K [0x247f0000, 0x24d40000, 0x29d40000)
  eden space 4416K,   0% used [0x247f0000, 0x247f0000, 0x24c40000)
  from space 512K,  99% used [0x24c40000, 0x24cbfff8, 0x24cc0000)
  to   space 512K,   0% used [0x24cc0000, 0x24cc0000, 0x24d40000)
 tenured generation   total 10944K, used 10727K [0x29d40000, 0x2a7f0000, 0x347f0000)
   the space 10944K,  98% used [0x29d40000, 0x2a7b9ee0, 0x2a7ba000, 0x2a7f0000)
 compacting perm gen  total 12288K, used 3590K [0x347f0000, 0x353f0000, 0x387f0000)
   the space 12288K,  29% used [0x347f0000, 0x34b71878, 0x34b71a00, 0x353f0000)
    ro space 10240K,  42% used [0x387f0000, 0x38c322a0, 0x38c32400, 0x391f0000)
    rw space 12288K,  54% used [0x391f0000, 0x39873250, 0x39873400, 0x39df0000)
}
Event: 4.707 GC heap before
{Heap before GC invocations=14 (full 0):
 def new generation   total 4928K, used 4927K [0x247f0000, 0x24d40000, 0x29d40000)
  eden space 4416K, 100% used [0x247f0000, 0x24c40000, 0x24c40000)
  from space 512K,  99% used [0x24c40000, 0x24cbfff8, 0x24cc0000)
  to   space 512K,   0% used [0x24cc0000, 0x24cc0000, 0x24d40000)
 tenured generation   total 10944K, used 10727K [0x29d40000, 0x2a7f0000, 0x347f0000)
   the space 10944K,  98% used [0x29d40000, 0x2a7b9ee0, 0x2a7ba000, 0x2a7f0000)
 compacting perm gen  total 12288K, used 3871K [0x347f0000, 0x353f0000, 0x387f0000)
   the space 12288K,  31% used [0x347f0000, 0x34bb7cf0, 0x34bb7e00, 0x353f0000)
    ro space 10240K,  42% used [0x387f0000, 0x38c322a0, 0x38c32400, 0x391f0000)
    rw space 12288K,  54% used [0x391f0000, 0x39873250, 0x39873400, 0x39df0000)
Event: 4.711 GC heap after
Heap after GC invocations=15 (full 0):
 def new generation   total 4928K, used 462K [0x247f0000, 0x24d40000, 0x29d40000)
  eden space 4416K,   0% used [0x247f0000, 0x247f0000, 0x24c40000)
  from space 512K,  90% used [0x24cc0000, 0x24d33bd0, 0x24d40000)
  to   space 512K,   0% used [0x24c40000, 0x24c40000, 0x24cc0000)
 tenured generation   total 10944K, used 10770K [0x29d40000, 0x2a7f0000, 0x347f0000)
   the space 10944K,  98% used [0x29d40000, 0x2a7c48d0, 0x2a7c4a00, 0x2a7f0000)
 compacting perm gen  total 12288K, used 3871K [0x347f0000, 0x353f0000, 0x387f0000)
   the space 12288K,  31% used [0x347f0000, 0x34bb7cf0, 0x34bb7e00, 0x353f0000)
    ro space 10240K,  42% used [0x387f0000, 0x38c322a0, 0x38c32400, 0x391f0000)
    rw space 12288K,  54% used [0x391f0000, 0x39873250, 0x39873400, 0x39df0000)
}

