# JRE version: 7.0_21-b11
# Java VM: Java HotSpot(TM) Client VM (23.21-b01 mixed mode, sharing windows-x86 )
Heap
 def new generation   total 7680K, used 1069K [0x247f0000, 0x25040000, 0x29d40000)
  eden space 6848K,  13% used [0x247f0000, 0x248d3fc8, 0x24ea0000)
  from space 832K,  18% used [0x24f70000, 0x24f97780, 0x25040000)
  to   space 832K,   0% used [0x24ea0000, 0x24ea0000, 0x24f70000)
 tenured generation   total 16944K, used 10164K [0x29d40000, 0x2adcc000, 0x347f0000)
   the space 16944K,  59% used [0x29d40000, 0x2a72d280, 0x2a72d400, 0x2adcc000)
 compacting perm gen  total 12288K, used 4380K [0x347f0000, 0x353f0000, 0x387f0000)
   the space 12288K,  35% used [0x347f0000, 0x34c37208, 0x34c37400, 0x353f0000)
    ro space 10240K,  42% used [0x387f0000, 0x38c322a0, 0x38c32400, 0x391f0000)
    rw space 12288K,  54% used [0x391f0000, 0x39873250, 0x39873400, 0x39df0000)
GC Heap History (10 events):
Event: 17.933 GC heap before
{Heap before GC invocations=12 (full 1):
 def new generation   total 5504K, used 5504K [0x247f0000, 0x24de0000, 0x29d40000)
  eden space 4928K, 100% used [0x247f0000, 0x24cc0000, 0x24cc0000)
  from space 576K, 100% used [0x24d50000, 0x24de0000, 0x24de0000)
  to   space 576K,   0% used [0x24cc0000, 0x24cc0000, 0x24d50000)
 tenured generation   total 12020K, used 8706K [0x29d40000, 0x2a8fd000, 0x347f0000)
   the space 12020K,  72% used [0x29d40000, 0x2a5c0bd8, 0x2a5c0c00, 0x2a8fd000)
 compacting perm gen  total 12288K, used 4366K [0x347f0000, 0x353f0000, 0x387f0000)
   the space 12288K,  35% used [0x347f0000, 0x34c33ba8, 0x34c33c00, 0x353f0000)
    ro space 10240K,  42% used [0x387f0000, 0x38c322a0, 0x38c32400, 0x391f0000)
    rw space 12288K,  54% used [0x391f0000, 0x39873250, 0x39873400, 0x39df0000)
Event: 17.943 GC heap after
Heap after GC invocations=13 (full 1):
 def new generation   total 5504K, used 576K [0x247f0000, 0x24de0000, 0x29d40000)
  eden space 4928K,   0% used [0x247f0000, 0x247f0000, 0x24cc0000)
  from space 576K, 100% used [0x24cc0000, 0x24d50000, 0x24d50000)
  to   space 576K,   0% used [0x24d50000, 0x24d50000, 0x24de0000)
 tenured generation   total 12020K, used 9802K [0x29d40000, 0x2a8fd000, 0x347f0000)
   the space 12020K,  81% used [0x29d40000, 0x2a6d2a18, 0x2a6d2c00, 0x2a8fd000)
 compacting perm gen  total 12288K, used 4366K [0x347f0000, 0x353f0000, 0x387f0000)
   the space 12288K,  35% used [0x347f0000, 0x34c33ba8, 0x34c33c00, 0x353f0000)
    ro space 10240K,  42% used [0x387f0000, 0x38c322a0, 0x38c32400, 0x391f0000)
    rw space 12288K,  54% used [0x391f0000, 0x39873250, 0x39873400, 0x39df0000)
}
Event: 23.576 GC heap before
{Heap before GC invocations=13 (full 1):
 def new generation   total 5504K, used 5476K [0x247f0000, 0x24de0000, 0x29d40000)
  eden space 4928K,  99% used [0x247f0000, 0x24cb9338, 0x24cc0000)
  from space 576K, 100% used [0x24cc0000, 0x24d50000, 0x24d50000)
  to   space 576K,   0% used [0x24d50000, 0x24d50000, 0x24de0000)
 tenured generation   total 12020K, used 9802K [0x29d40000, 0x2a8fd000, 0x347f0000)
   the space 12020K,  81% used [0x29d40000, 0x2a6d2a18, 0x2a6d2c00, 0x2a8fd000)
 compacting perm gen  total 12288K, used 4373K [0x347f0000, 0x353f0000, 0x387f0000)
   the space 12288K,  35% used [0x347f0000, 0x34c356e8, 0x34c35800, 0x353f0000)
    ro space 10240K,  42% used [0x387f0000, 0x38c322a0, 0x38c32400, 0x391f0000)
    rw space 12288K,  54% used [0x391f0000, 0x39873250, 0x39873400, 0x39df0000)
Event: 23.582 GC heap after
Heap after GC invocations=14 (full 1):
 def new generation   total 5504K, used 576K [0x247f0000, 0x24de0000, 0x29d40000)
  eden space 4928K,   0% used [0x247f0000, 0x247f0000, 0x24cc0000)
  from space 576K, 100% used [0x24d50000, 0x24de0000, 0x24de0000)
  to   space 576K,   0% used [0x24cc0000, 0x24cc0000, 0x24d50000)
 tenured generation   total 12020K, used 10763K [0x29d40000, 0x2a8fd000, 0x347f0000)
   the space 12020K,  89% used [0x29d40000, 0x2a7c2da0, 0x2a7c2e00, 0x2a8fd000)
 compacting perm gen  total 12288K, used 4373K [0x347f0000, 0x353f0000, 0x387f0000)
   the space 12288K,  35% used [0x347f0000, 0x34c356e8, 0x34c35800, 0x353f0000)
    ro space 10240K,  42% used [0x387f0000, 0x38c322a0, 0x38c32400, 0x391f0000)
    rw space 12288K,  54% used [0x391f0000, 0x39873250, 0x39873400, 0x39df0000)
}
Event: 28.109 GC heap before
{Heap before GC invocations=14 (full 1):
 def new generation   total 5504K, used 5368K [0x247f0000, 0x24de0000, 0x29d40000)
  eden space 4928K,  97% used [0x247f0000, 0x24c9e048, 0x24cc0000)
  from space 576K, 100% used [0x24d50000, 0x24de0000, 0x24de0000)
  to   space 576K,   0% used [0x24cc0000, 0x24cc0000, 0x24d50000)
 tenured generation   total 12020K, used 10763K [0x29d40000, 0x2a8fd000, 0x347f0000)
   the space 12020K,  89% used [0x29d40000, 0x2a7c2da0, 0x2a7c2e00, 0x2a8fd000)
 compacting perm gen  total 12288K, used 4374K [0x347f0000, 0x353f0000, 0x387f0000)
   the space 12288K,  35% used [0x347f0000, 0x34c35bf8, 0x34c35c00, 0x353f0000)
    ro space 10240K,  42% used [0x387f0000, 0x38c322a0, 0x38c32400, 0x391f0000)
    rw space 12288K,  54% used [0x391f0000, 0x39873250, 0x39873400, 0x39df0000)
Event: 28.113 GC heap after
Heap after GC invocations=15 (full 1):
 def new generation   total 5504K, used 576K [0x247f0000, 0x24de0000, 0x29d40000)
  eden space 4928K,   0% used [0x247f0000, 0x247f0000, 0x24cc0000)
  from space 576K, 100% used [0x24cc0000, 0x24d50000, 0x24d50000)
  to   space 576K,   0% used [0x24d50000, 0x24d50000, 0x24de0000)
 tenured generation   total 12020K, used 11582K [0x29d40000, 0x2a8fd000, 0x347f0000)
   the space 12020K,  96% used [0x29d40000, 0x2a88fb68, 0x2a88fc00, 0x2a8fd000)
 compacting perm gen  total 12288K, used 4374K [0x347f0000, 0x353f0000, 0x387f0000)
   the space 12288K,  35% used [0x347f0000, 0x34c35bf8, 0x34c35c00, 0x353f0000)
    ro space 10240K,  42% used [0x387f0000, 0x38c322a0, 0x38c32400, 0x391f0000)
    rw space 12288K,  54% used [0x391f0000, 0x39873250, 0x39873400, 0x39df0000)
}
Event: 31.334 GC heap before
{Heap before GC invocations=15 (full 1):
 def new generation   total 5504K, used 5502K [0x247f0000, 0x24de0000, 0x29d40000)
  eden space 4928K,  99% used [0x247f0000, 0x24cbf940, 0x24cc0000)
  from space 576K, 100% used [0x24cc0000, 0x24d50000, 0x24d50000)
  to   space 576K,   0% used [0x24d50000, 0x24d50000, 0x24de0000)
 tenured generation   total 12020K, used 11582K [0x29d40000, 0x2a8fd000, 0x347f0000)
   the space 12020K,  96% used [0x29d40000, 0x2a88fb68, 0x2a88fc00, 0x2a8fd000)
 compacting perm gen  total 12288K, used 4375K [0x347f0000, 0x353f0000, 0x387f0000)
   the space 12288K,  35% used [0x347f0000, 0x34c35c38, 0x34c35e00, 0x353f0000)
    ro space 10240K,  42% used [0x387f0000, 0x38c322a0, 0x38c32400, 0x391f0000)
    rw space 12288K,  54% used [0x391f0000, 0x39873250, 0x39873400, 0x39df0000)
Event: 31.389 GC heap after
Heap after GC invocations=16 (full 2):
 def new generation   total 7680K, used 0K [0x247f0000, 0x25040000, 0x29d40000)
  eden space 6848K,   0% used [0x247f0000, 0x247f0000, 0x24ea0000)
  from space 832K,   0% used [0x24ea0000, 0x24ea0000, 0x24f70000)
  to   space 832K,   0% used [0x24f70000, 0x24f70000, 0x25040000)
 tenured generation   total 16944K, used 10164K [0x29d40000, 0x2adcc000, 0x347f0000)
   the space 16944K,  59% used [0x29d40000, 0x2a72d280, 0x2a72d400, 0x2adcc000)
 compacting perm gen  total 12288K, used 4375K [0x347f0000, 0x353f0000, 0x387f0000)
   the space 12288K,  35% used [0x347f0000, 0x34c35c38, 0x34c35e00, 0x353f0000)
    ro space 10240K,  42% used [0x387f0000, 0x38c322a0, 0x38c32400, 0x391f0000)
    rw space 12288K,  54% used [0x391f0000, 0x39873250, 0x39873400, 0x39df0000)
}
Event: 41.164 GC heap before
{Heap before GC invocations=16 (full 2):
 def new generation   total 7680K, used 6848K [0x247f0000, 0x25040000, 0x29d40000)
  eden space 6848K, 100% used [0x247f0000, 0x24ea0000, 0x24ea0000)
  from space 832K,   0% used [0x24ea0000, 0x24ea0000, 0x24f70000)
  to   space 832K,   0% used [0x24f70000, 0x24f70000, 0x25040000)
 tenured generation   total 16944K, used 10164K [0x29d40000, 0x2adcc000, 0x347f0000)
   the space 16944K,  59% used [0x29d40000, 0x2a72d280, 0x2a72d400, 0x2adcc000)
 compacting perm gen  total 12288K, used 4375K [0x347f0000, 0x353f0000, 0x387f0000)
   the space 12288K,  35% used [0x347f0000, 0x34c35cd8, 0x34c35e00, 0x353f0000)
    ro space 10240K,  42% used [0x387f0000, 0x38c322a0, 0x38c32400, 0x391f0000)
    rw space 12288K,  54% used [0x391f0000, 0x39873250, 0x39873400, 0x39df0000)
Event: 41.166 GC heap after
Heap after GC invocations=17 (full 2):
 def new generation   total 7680K, used 157K [0x247f0000, 0x25040000, 0x29d40000)
  eden space 6848K,   0% used [0x247f0000, 0x247f0000, 0x24ea0000)
  from space 832K,  18% used [0x24f70000, 0x24f97780, 0x25040000)
  to   space 832K,   0% used [0x24ea0000, 0x24ea0000, 0x24f70000)
 tenured generation   total 16944K, used 10164K [0x29d40000, 0x2adcc000, 0x347f0000)
   the space 16944K,  59% used [0x29d40000, 0x2a72d280, 0x2a72d400, 0x2adcc000)
 compacting perm gen  total 12288K, used 4375K [0x347f0000, 0x353f0000, 0x387f0000)
   the space 12288K,  35% used [0x347f0000, 0x34c35cd8, 0x34c35e00, 0x353f0000)
    ro space 10240K,  42% used [0x387f0000, 0x38c322a0, 0x38c32400, 0x391f0000)
    rw space 12288K,  54% used [0x391f0000, 0x39873250, 0x39873400, 0x39df0000)
}

